<?xml version="1.0" encoding="UTF-8"?>
<testng-results ignored="0" total="1" passed="1" failed="0" skipped="0">
  <reporter-output>
  </reporter-output>
  <suite started-at="2024-01-24T11:12:20 IST" name="Suite" finished-at="2024-01-24T11:12:44 IST" duration-ms="24160">
    <groups>
    </groups>
    <test started-at="2024-01-24T11:12:20 IST" name="Test" finished-at="2024-01-24T11:12:44 IST" duration-ms="24160">
      <class name="Practice.test">
        <test-method signature="SS()[pri:0, instance:Practice.test@36bc55de]" started-at="2024-01-24T11:12:20 IST" name="SS" finished-at="2024-01-24T11:12:44 IST" duration-ms="24091" status="PASS">
          <reporter-output>
          </reporter-output>
        </test-method> <!-- SS -->
      </class> <!-- Practice.test -->
    </test> <!-- Test -->
  </suite> <!-- Suite -->
</testng-results>
